<?xml version="1.0" encoding="UTF-8"?>
<testsuite xmlns:xsi="http://www.w3.org/2001/XMLSchema-instance" xsi:noNamespaceSchemaLocation="https://maven.apache.org/surefire/maven-surefire-plugin/xsd/surefire-test-report-3.0.xsd" version="3.0" name="com.amazon.test.TestRunner" time="24.296" tests="1" errors="0" skipped="0" failures="1">
  <properties>
[...]
</properties>
  <testcase name="Adicionar um produto ao carrinho com sucesso" classname="Adicionar produtos ao carrinho" time="21.012">
    <failure message="O preço do produto no carrinho não corresponde ao selecionado! ==&gt; expected: &lt;true&gt; but was: &lt;false&gt;" type="org.opentest4j.AssertionFailedError"><![CDATA[org.opentest4j.AssertionFailedError: O preço do produto no carrinho não corresponde ao selecionado! ==> expected: <true> but was: <false>
	at org.junit.jupiter.api.AssertionFailureBuilder.build(AssertionFailureBuilder.java:151)
	at org.junit.jupiter.api.AssertionFailureBuilder.buildAndThrow(AssertionFailureBuilder.java:132)
	at org.junit.jupiter.api.AssertTrue.failNotTrue(AssertTrue.java:63)
	at org.junit.jupiter.api.AssertTrue.assertTrue(AssertTrue.java:36)
	at org.junit.jupiter.api.Assertions.assertTrue(Assertions.java:211)
	at com.amazon.test.steps.CartSteps.verifica_produto_no_carrinho(CartSteps.java:54)
	at ✽.o produto deve aparecer no carrinho corretamente(file:///C:/MavenProjects/amazon-automation/src/test/resources/features/add_to_cart.feature:10)
]]></failure>
    <system-out><![CDATA[Iniciando testes no navegador: CHROME

@Carrinho
Scenario: Adicionar um produto ao carrinho com sucesso # src/test/resources/features/add_to_cart.feature:4
Página inicial carregada com sucesso!
  Given que o usuario esta na pagina inicial da Amazon # com.amazon.test.steps.CartSteps.usuario_na_pagina_inicial()
  When o usuario pesquisa por "notebook"               # com.amazon.test.steps.CartSteps.usuario_pesquisa_por(java.lang.String)
 ACHEI LOCAL!
⚠️ Elemento ficou 'stale', tentando novamente...
  And seleciona primeiro produto                       # com.amazon.test.steps.CartSteps.clica_no_primeiro_resultado()
Erro ao capturar o preço do produto: Expected condition failed: waiting for visibility of element located by By.xpath: (//span[@class='a-price']//span[@class='a-offscreen'])[1] (tried for 10 second(s) with 500 milliseconds interval)
Build info: version: '4.10.0', revision: 'c14d967899'
System info: os.name: 'Windows 11', os.arch: 'amd64', os.version: '10.0', java.version: '17.0.12'
Driver info: org.openqa.selenium.chrome.ChromeDriver
Capabilities {acceptInsecureCerts: false, browserName: chrome, browserVersion: 134.0.6998.36, chrome: {chromedriverVersion: 134.0.6998.35 (ea6ef4c2ac15..., userDataDir: C:\Users\DELLLU~1\AppData\L...}, fedcm:accounts: true, goog:chromeOptions: {debuggerAddress: localhost:65403}, networkConnectionEnabled: false, pageLoadStrategy: normal, platformName: windows, proxy: Proxy(), se:cdp: ws://localhost:65403/devtoo..., se:cdpVersion: 134.0.6998.36, setWindowRect: true, strictFileInteractability: false, timeouts: {implicit: 0, pageLoad: 300000, script: 30000}, unhandledPromptBehavior: dismiss and notify, webauthn:extension:credBlob: true, webauthn:extension:largeBlob: true, webauthn:extension:minPinLength: true, webauthn:extension:prf: true, webauthn:virtualAuthenticators: true}
Session ID: 38d029aa6205806e0842122743440df4
  And valor do produto correto com o selecionado       # com.amazon.test.steps.CartSteps.verifica_valor_produto()
✅ ACHEI btn!
  And adiciona o produto ao carrinho                   # com.amazon.test.steps.CartSteps.adiciona_ao_carrinho()
Preço capturado no carrinho: R$ 2.899,00
Preço esperado: null
  And o produto deve aparecer no carrinho corretamente # com.amazon.test.steps.CartSteps.verifica_produto_no_carrinho()
      org.opentest4j.AssertionFailedError: O preÃ§o do produto no carrinho nÃ£o corresponde ao selecionado! ==> expected: <true> but was: <false>
	at org.junit.jupiter.api.AssertionFailureBuilder.build(AssertionFailureBuilder.java:151)
	at org.junit.jupiter.api.AssertionFailureBuilder.buildAndThrow(AssertionFailureBuilder.java:132)
	at org.junit.jupiter.api.AssertTrue.failNotTrue(AssertTrue.java:63)
	at org.junit.jupiter.api.AssertTrue.assertTrue(AssertTrue.java:36)
	at org.junit.jupiter.api.Assertions.assertTrue(Assertions.java:211)
	at com.amazon.test.steps.CartSteps.verifica_produto_no_carrinho(CartSteps.java:54)
	at âœ½.o produto deve aparecer no carrinho corretamente(file:///C:/MavenProjects/amazon-automation/src/test/resources/features/add_to_cart.feature:10)

Screenshot salvo em: target/screenshots/Adicionar um produto ao carrinho com sucesso_20250308_144741.png
]]></system-out>
    <system-err><![CDATA[mar. 08, 2025 2:47:17 PM org.openqa.selenium.remote.service.DriverService$Builder getLogOutput
INFO: Driver logs no longer sent to console by default; https://www.selenium.dev/documentation/webdriver/drivers/service/#setting-log-output
SLF4J: Failed to load class "org.slf4j.impl.StaticLoggerBinder".
SLF4J: Defaulting to no-operation (NOP) logger implementation
SLF4J: See http://www.slf4j.org/codes.html#StaticLoggerBinder for further details.
mar. 08, 2025 2:47:19 PM org.openqa.selenium.devtools.CdpVersionFinder findNearestMatch
WARNING: Unable to find CDP implementation matching 134
mar. 08, 2025 2:47:19 PM org.openqa.selenium.chromium.ChromiumDriver lambda$new$4
WARNING: Unable to find version of CDP to use for . You may need to include a dependency on a specific version of the CDP using something similar to `org.seleniumhq.selenium:selenium-devtools-v86:4.10.0` where the version ("v86") matches the version of the chromium-based browser you're using and the version number of the artifact is the same as Selenium's.
]]></system-err>
  </testcase>
</testsuite>